生成启动时间为 2018/9/18 16:48:15。
     1>项目“E:\opencv_git\DeepLearningForVedio\orb_cpu\orb_cpu\orb_cpu.vcxproj”在节点 2 上(Build 个目标)。
     1>ClCompile:
         D:\VisualStudioCommunity2015\VC\bin\x86_amd64\CL.exe /c /ID:\Python\Python36\include /ZI /nologo /W3 /WX- /sdl /Od /D _DEBUG /D _CONSOLE /D _UNICODE /D UNICODE /Gm /EHsc /RTC1 /MDd /GS /fp:precise /Zc:wchar_t /Zc:forScope /Zc:inline /Fo"x64\Debug\\" /Fd"x64\Debug\vc140.pdb" /Gd /TP /errorReport:prompt main.cpp
         main.cpp
     1>e:\opencv_git\deeplearningforvedio\orb_cpu\orb_cpu\main.cpp(209): warning C4244: “参数”: 从“float”转换到“int”，可能丢失数据
     1>e:\opencv_git\deeplearningforvedio\orb_cpu\orb_cpu\main.cpp(246): warning C4244: “=”: 从“double”转换到“float”，可能丢失数据
     1>e:\opencv_git\deeplearningforvedio\orb_cpu\orb_cpu\main.cpp(247): warning C4244: “=”: 从“double”转换到“float”，可能丢失数据
     1>e:\opencv_git\deeplearningforvedio\orb_cpu\orb_cpu\main.cpp(256): warning C4244: “=”: 从“double”转换到“float”，可能丢失数据
     1>e:\opencv_git\deeplearningforvedio\orb_cpu\orb_cpu\main.cpp(257): warning C4244: “=”: 从“double”转换到“float”，可能丢失数据
     1>e:\opencv_git\deeplearningforvedio\orb_cpu\orb_cpu\main.cpp(266): warning C4244: “=”: 从“double”转换到“float”，可能丢失数据
     1>e:\opencv_git\deeplearningforvedio\orb_cpu\orb_cpu\main.cpp(267): warning C4244: “=”: 从“double”转换到“float”，可能丢失数据
     1>e:\opencv_git\deeplearningforvedio\orb_cpu\orb_cpu\main.cpp(276): warning C4244: “=”: 从“double”转换到“float”，可能丢失数据
     1>e:\opencv_git\deeplearningforvedio\orb_cpu\orb_cpu\main.cpp(277): warning C4244: “=”: 从“double”转换到“float”，可能丢失数据
     1>e:\opencv_git\deeplearningforvedio\orb_cpu\orb_cpu\main.cpp(284): warning C4244: “初始化”: 从“float”转换到“int”，可能丢失数据
     1>e:\opencv_git\deeplearningforvedio\orb_cpu\orb_cpu\main.cpp(308): warning C4244: “=”: 从“double”转换到“uchar”，可能丢失数据
     1>e:\opencv_git\deeplearningforvedio\orb_cpu\orb_cpu\main.cpp(309): warning C4244: “=”: 从“double”转换到“uchar”，可能丢失数据
     1>e:\opencv_git\deeplearningforvedio\orb_cpu\orb_cpu\main.cpp(310): warning C4244: “=”: 从“double”转换到“uchar”，可能丢失数据
       Link:
         D:\VisualStudioCommunity2015\VC\bin\x86_amd64\link.exe /ERRORREPORT:PROMPT /OUT:"E:\opencv_git\DeepLearningForVedio\orb_cpu\x64\Debug\orb_cpu.exe" /INCREMENTAL /NOLOGO cudart.lib opencv_world340d.lib opencv_img_hash340d.lib python36_d.lib kernel32.lib user32.lib gdi32.lib winspool.lib comdlg32.lib advapi32.lib shell32.lib ole32.lib oleaut32.lib uuid.lib odbc32.lib odbccp32.lib /MANIFEST /MANIFESTUAC:"level='asInvoker' uiAccess='false'" /manifest:embed /Debug /PDB:"E:\opencv_git\DeepLearningForVedio\orb_cpu\x64\Debug\orb_cpu.pdb" /SUBSYSTEM:CONSOLE /TLBID:1 /DYNAMICBASE /NXCOMPAT /IMPLIB:"E:\opencv_git\DeepLearningForVedio\orb_cpu\x64\Debug\orb_cpu.lib" /MACHINE:X64 x64\Debug\main.obj
         orb_cpu.vcxproj -> E:\opencv_git\DeepLearningForVedio\orb_cpu\x64\Debug\orb_cpu.exe
     1>已完成生成项目“E:\opencv_git\DeepLearningForVedio\orb_cpu\orb_cpu\orb_cpu.vcxproj”(Build 个目标)的操作。

已成功生成。

已用时间 00:00:01.95
